info it worked if it ends with ok
verbose cli [ 'node', '/usr/bin/npm', 'install', 'jsonh' ]
info using npm@1.0.106
info using node@v0.6.3
verbose config file /home/ubuntu/.npmrc
verbose config file /usr/etc/npmrc
verbose config file /usr/lib/node_modules/npm/npmrc
silly testEngine { name: 'bomberbubi',
silly testEngine   version: '0.0.1',
silly testEngine   dependencies: { 'socket.io': '0.8.7' },
silly testEngine   _id: 'bomberbubi@0.0.1',
silly testEngine   scripts: { start: 'node server.js' },
silly testEngine   devDependencies: {},
silly testEngine   engines: { node: '*' },
silly testEngine   _engineSupported: true,
silly testEngine   _npmVersion: '1.0.106',
silly testEngine   _nodeVersion: 'v0.6.3',
silly testEngine   _defaultsLoaded: true }
verbose caching /home/ubuntu/bomberbubi/package.json
verbose loadDefaults bomberbubi@0.0.1
silly testEngine { name: 'socket.io',
silly testEngine   version: '0.8.7',
silly testEngine   description: 'Real-time apps made cross-browser & easy with a WebSocket-like API',
silly testEngine   homepage: 'http://socket.io',
silly testEngine   keywords: [ 'websocket', 'socket', 'realtime', 'socket.io', 'comet', 'ajax' ],
silly testEngine   author: { name: 'Guillermo Rauch', email: 'guillermo@learnboost.com' },
silly testEngine   contributors: 
silly testEngine    [ { name: 'Guillermo Rauch', email: 'rauchg@gmail.com' },
silly testEngine      { name: 'Arnout Kazemier', email: 'info@3rd-eden.com' },
silly testEngine      { name: 'Vladimir Dronnikov', email: 'dronnikov@gmail.com' },
silly testEngine      { name: 'Einar Otto Stangvik', email: 'einaros@gmail.com' } ],
silly testEngine   repository: 
silly testEngine    { type: 'git',
silly testEngine      url: 'git://github.com/LearnBoost/socket.io.git' },
silly testEngine   dependencies: 
silly testEngine    { 'socket.io-client': '0.8.7',
silly testEngine      policyfile: '0.0.4',
silly testEngine      redis: '0.6.7' },
silly testEngine   devDependencies: 
silly testEngine    { expresso: '0.9.2',
silly testEngine      should: '0.0.4',
silly testEngine      assertvanish: '0.0.3-1',
silly testEngine      benchmark: '0.2.2',
silly testEngine      microtime: '0.1.3-1',
silly testEngine      colors: '0.5.1' },
silly testEngine   main: 'index',
silly testEngine   engines: { node: '>= 0.4.0' },
silly testEngine   _id: 'socket.io@0.8.7',
silly testEngine   _engineSupported: true,
silly testEngine   _npmVersion: '1.0.106',
silly testEngine   _nodeVersion: 'v0.6.3',
silly testEngine   _defaultsLoaded: true }
verbose caching /home/ubuntu/bomberbubi/node_modules/socket.io/package.json
verbose loadDefaults socket.io@0.8.7
verbose from cache /home/ubuntu/bomberbubi/package.json
verbose into /home/ubuntu/bomberbubi [ 'jsonh' ]
verbose cache add jsonh
verbose cache add [ 'jsonh', null ]
silly cache add: name, spec, args [ undefined, 'jsonh', [ 'jsonh', null ] ]
verbose parsed url { pathname: 'jsonh', path: 'jsonh', href: 'jsonh' }
info addNamed [ 'jsonh', '' ]
verbose addNamed [ null, '' ]
verbose GET jsonh
verbose raw, before any munging jsonh
verbose url resolving [ 'https://registry.npmjs.org/', './jsonh' ]
verbose url resolved https://registry.npmjs.org/jsonh
silly get cb [ 404,
silly get cb   { server: 'CouchDB/1.1.0 (Erlang OTP/R14B04)',
silly get cb     date: 'Mon, 05 Dec 2011 18:56:51 GMT',
silly get cb     'content-type': 'application/json',
silly get cb     'content-length': '52',
silly get cb     'cache-control': 'must-revalidate' } ]
ERR! 404 'jsonh' is not in the npm registry.
ERR! 404 You could maybe bug the author to publish it
ERR! 404 Note that you can also install from a tarball or folder.
ERR! 
ERR! System Linux 3.2.0-2-virtual
ERR! command "node" "/usr/bin/npm" "install" "jsonh"
ERR! cwd /home/ubuntu/bomberbubi
ERR! node -v v0.6.3
ERR! npm -v 1.0.106
ERR! code E404
verbose exit [ 1, true ]
