info it worked if it ends with ok
verbose cli [ 'node', '/usr/bin/npm', 'install', '-d' ]
info using npm@1.0.106
info using node@v0.6.3
verbose config file /home/ubuntu/.npmrc
verbose config file /usr/etc/npmrc
verbose config file /usr/lib/node_modules/npm/npmrc
ERR! Couldn't read dependencies.
ERR! Error: ENOENT, no such file or directory '/home/ubuntu/bomberbubi/server/package.json'
ERR! Report this *entire* log at:
ERR!     <http://github.com/isaacs/npm/issues>
ERR! or email it to:
ERR!     <npm-@googlegroups.com>
ERR! 
ERR! System Linux 3.2.0-2-virtual
ERR! command "node" "/usr/bin/npm" "install" "-d"
ERR! cwd /home/ubuntu/bomberbubi/server
ERR! node -v v0.6.3
ERR! npm -v 1.0.106
ERR! path /home/ubuntu/bomberbubi/server/package.json
ERR! code ENOENT
verbose exit [ 1, true ]
